timestamp,message,level
2025-08-01 00:05:07,Service auth-service started successfully,INFO
2025-08-01 00:06:08,"Config database using default values, no custom config found",WARN
2025-08-01 00:14:27,Connection established to api,INFO
2025-08-01 00:16:32,User session session_36062 created,INFO
2025-08-01 00:25:41,Deprecated method processLegacyFormat called by service data-connector,WARN
2025-08-01 00:29:17,High memory usage detected: 85%,WARN
2025-08-01 00:35:27,Successfully processed 230 items in batch job #6514,INFO
2025-08-01 00:35:05,Database connection pool initialized with 27 connections,INFO
2025-08-01 00:44:16,Slow disk I/O detected on volume app-vol,WARN
2025-08-01 00:45:59,User session session_48427 created,INFO
2025-08-01 00:55:39,API rate limit approaching: 86 requests of 100 limit,WARN
2025-08-01 01:00:04,API request completed in 42ms,INFO
2025-08-01 01:00:54,Connection established to cache,INFO
2025-08-01 01:07:29,Database connection pool initialized with 15 connections,INFO
2025-08-01 01:12:22,Service web-server started successfully,INFO
2025-08-01 01:19:40,API request completed in 25ms,INFO
2025-08-01 01:23:24,User session session_38785 created,INFO
2025-08-01 01:30:20,High memory usage detected: 87%,WARN
2025-08-01 01:30:51,Service web-server started successfully,INFO
2025-08-01 01:36:58,Connection timeout after 9967ms,ERROR
2025-08-01 01:45:31,File data_3340.json uploaded successfully,INFO
2025-08-01 01:47:08,User session session_80644 created,INFO
2025-08-01 01:52:47,Scheduled task report-generation completed,INFO
2025-08-01 01:57:14,Service auth-provider crashed with exit code 127,ERROR
2025-08-01 02:00:48,Connection established to api,INFO
2025-08-01 02:10:10,Deprecated method renderView called by service user-service,WARN
2025-08-01 02:13:24,File data_9669.json uploaded successfully,INFO
2025-08-01 02:17:35,High memory usage detected: 83%,WARN
2025-08-01 02:25:56,Service payment-processor started successfully,INFO
2025-08-01 02:25:18,File data_1053.json uploaded successfully,INFO
2025-08-01 02:35:56,"Config cache using default values, no custom config found",WARN
2025-08-01 02:39:58,Service monitoring started successfully,INFO
2025-08-01 02:44:12,Successfully processed 562 items in batch job #9689,INFO
2025-08-01 02:45:38,User user_2832 logged in successfully,INFO
2025-08-01 02:52:56,Fatal error in module UserAuthentication: Failed to initialize,ERROR
2025-08-01 02:56:56,Connection established to database,INFO
2025-08-01 03:05:31,"Config cache using default values, no custom config found",WARN
2025-08-01 03:06:42,User session session_31643 created,INFO
2025-08-01 03:12:33,Deprecated method processLegacyFormat called by service frontend,WARN
2025-08-01 03:20:44,Service data-indexer started successfully,INFO
2025-08-01 03:25:41,User session session_69177 created,INFO
2025-08-01 03:25:15,Database connection pool initialized with 6 connections,INFO
2025-08-01 03:34:35,API request completed in 5ms,INFO
2025-08-01 03:35:45,API request completed in 13ms,INFO
2025-08-01 03:40:55,User session session_41195 created,INFO
2025-08-01 03:47:42,User session session_27342 created,INFO
2025-08-01 03:55:59,Cache hit ratio below threshold: 45%,WARN
2025-08-01 03:56:50,Cache refreshed for 3219 entries,INFO
2025-08-01 04:00:06,Database connection pool initialized with 32 connections,INFO
2025-08-01 04:08:29,High memory usage detected: 83%,WARN
2025-08-01 04:10:25,"Request to payment-gateway took 298ms, exceeding threshold",WARN
2025-08-01 04:16:34,Cache refreshed for 3106 entries,INFO
2025-08-01 04:22:29,Connection established to cache,INFO
2025-08-01 04:29:06,User session session_11934 created,INFO
2025-08-01 04:30:59,Retrying connection to redis-cache (attempt 2 of 3),WARN
2025-08-01 04:38:30,Cache refreshed for 1060 entries,INFO
2025-08-01 04:41:24,Cache refreshed for 4445 entries,INFO
2025-08-01 04:48:18,User session session_96752 created,INFO
2025-08-01 04:55:31,Service auth-service started successfully,INFO
2025-08-01 04:55:37,High memory usage detected: 90%,WARN
2025-08-01 05:00:03,User session session_79615 created,INFO
2025-08-01 05:06:03,Exception in thread 'worker': java.lang.NullPointerException,ERROR
2025-08-01 05:14:04,API request completed in 56ms,INFO
2025-08-01 05:15:56,Scheduled task health-check completed,INFO
2025-08-01 05:20:39,Scheduled task health-check completed,INFO
2025-08-01 05:29:20,Unable to process request: Database timeout,ERROR
2025-08-01 05:31:16,Service data-indexer started successfully,INFO
2025-08-01 05:37:59,"Request to auth-api took 434ms, exceeding threshold",WARN
2025-08-01 05:44:36,Exception in thread 'listener': java.sql.SQLException: Connection refused,ERROR
2025-08-01 05:49:16,Database connection pool initialized with 9 connections,INFO
2025-08-01 05:51:23,File data_9900.json uploaded successfully,INFO
2025-08-01 06:00:19,User session session_11025 created,INFO
2025-08-01 06:05:52,Connection established to api,INFO
2025-08-01 06:07:07,"Config cache using default values, no custom config found",WARN
2025-08-01 06:12:18,Database connection pool initialized with 18 connections,INFO
2025-08-01 06:20:40,"Config security using default values, no custom config found",WARN
2025-08-01 06:22:57,Failed to connect to database after 3 retries,ERROR
2025-08-01 06:30:27,High memory usage detected: 80%,WARN
2025-08-01 06:32:49,Service auth-service started successfully,INFO
2025-08-01 06:40:28,Cache refreshed for 9289 entries,INFO
2025-08-01 06:40:07,Successfully processed 568 items in batch job #1590,INFO
2025-08-01 06:47:37,Cache refreshed for 2188 entries,INFO
2025-08-01 06:50:19,User user_6862 logged in successfully,INFO
2025-08-01 06:56:43,Connection established to auth-service,INFO
2025-08-01 07:04:56,Cache hit ratio below threshold: 53%,WARN
2025-08-01 07:06:59,Service worker-process crashed with exit code 226,ERROR
2025-08-01 07:13:01,Database connection pool initialized with 31 connections,INFO
2025-08-01 07:20:55,Retrying connection to message-queue (attempt 1 of 3),WARN
2025-08-01 07:25:06,User user_8711 logged in successfully,INFO
2025-08-01 07:26:12,Slow disk I/O detected on volume backup-vol,WARN
2025-08-01 07:32:52,Retrying connection to redis-cache (attempt 1 of 3),WARN
2025-08-01 07:40:12,Service web-server started successfully,INFO
2025-08-01 07:42:22,Cache refreshed for 8885 entries,INFO
2025-08-01 07:47:01,Service auth-service started successfully,INFO
2025-08-01 07:54:16,Scheduled task report-generation completed,INFO
2025-08-01 07:57:46,Deprecated method renderView called by service frontend,WARN
2025-08-01 08:00:24,Retrying connection to message-queue (attempt 1 of 3),WARN
2025-08-01 08:10:27,User session session_97900 created,INFO
2025-08-01 08:11:23,Database connection pool initialized with 44 connections,INFO
2025-08-01 08:17:42,"Database query took 1538ms, consider optimization",WARN
2025-08-01 08:22:42,Cache refreshed for 4944 entries,INFO
2025-08-01 08:29:08,Cache refreshed for 2951 entries,INFO
2025-08-01 08:34:36,User session session_10053 created,INFO
2025-08-01 08:37:18,Scheduled task health-check completed,INFO
2025-08-01 08:45:20,File data_4501.json uploaded successfully,INFO
2025-08-01 08:49:30,Service database response time degraded,WARN
2025-08-01 08:52:32,Scheduled task index-rebuild completed,INFO
2025-08-01 08:55:52,Unable to process request: Database timeout,ERROR
2025-08-01 09:01:51,User user_1757 logged in successfully,INFO
2025-08-01 09:06:30,Connection established to cache,INFO
2025-08-01 09:13:56,API request completed in 96ms,INFO
2025-08-01 09:20:24,API request completed in 23ms,INFO
2025-08-01 09:25:44,Connection established to cache,INFO
2025-08-01 09:26:11,"Config security using default values, no custom config found",WARN
2025-08-01 09:30:35,Connection established to cache,INFO
2025-08-01 09:36:51,User session session_83259 created,INFO
2025-08-01 09:44:20,Out of memory error in service image-processor,ERROR
2025-08-01 09:50:57,User session session_68446 created,INFO
2025-08-01 09:51:47,Slow disk I/O detected on volume backup-vol,WARN
2025-08-01 09:56:53,User session session_73517 created,INFO
2025-08-01 10:05:15,Connection established to auth-service,INFO
2025-08-01 10:06:17,User session session_20561 created,INFO
2025-08-01 10:11:09,Successfully processed 733 items in batch job #4505,INFO
2025-08-01 10:15:26,User session session_71069 created,INFO
2025-08-01 10:23:03,Cache refreshed for 6481 entries,INFO
2025-08-01 10:29:44,Scheduled task report-generation completed,INFO
2025-08-01 10:33:00,Fatal error in module ReportGenerator: Runtime exception,ERROR
2025-08-01 10:39:47,Cache hit ratio below threshold: 58%,WARN
2025-08-01 10:41:31,Cache refreshed for 8056 entries,INFO
2025-08-01 10:45:24,Cache refreshed for 2804 entries,INFO
2025-08-01 10:53:58,Scheduled task health-check completed,INFO
2025-08-01 10:55:58,Scheduled task backup completed,INFO
2025-08-01 11:00:41,File data_3977.json uploaded successfully,INFO
2025-08-01 11:05:16,API request completed in 63ms,INFO
2025-08-01 11:12:21,Deprecated method connectToOldAPI called by service data-connector,WARN
2025-08-01 11:17:53,User user_9837 logged in successfully,INFO
2025-08-01 11:20:22,Connection established to database,INFO
2025-08-01 11:25:15,User user_3496 logged in successfully,INFO
2025-08-01 11:31:08,Connection established to queue,INFO
2025-08-01 11:36:29,Database connection pool initialized with 15 connections,INFO
2025-08-01 11:44:38,Exception in thread 'worker': OutOfMemoryError: Java heap space,ERROR
2025-08-01 11:45:37,Service monitoring started successfully,INFO
2025-08-01 11:55:58,Authentication failed for user user_4249,ERROR
2025-08-01 11:55:37,API request completed in 18ms,INFO
2025-08-01 12:05:49,Scheduled task backup completed,INFO
2025-08-01 12:09:50,User session session_66148 created,INFO
2025-08-01 12:15:23,Database connection pool initialized with 5 connections,INFO
2025-08-01 12:18:52,Cache refreshed for 6034 entries,INFO
2025-08-01 12:25:57,Service search-index response time degraded,WARN
2025-08-01 12:26:46,Service monitoring started successfully,INFO
2025-08-01 12:34:49,Cache refreshed for 9807 entries,INFO
2025-08-01 12:37:20,"Request to data-service took 430ms, exceeding threshold",WARN
2025-08-01 12:41:48,Scheduled task report-generation completed,INFO
2025-08-01 12:47:01,Database connection pool initialized with 16 connections,INFO
2025-08-01 12:53:13,Service payment-processor started successfully,INFO
2025-08-01 12:57:56,Service monitoring started successfully,INFO
2025-08-01 13:00:33,Exception in thread 'worker': java.net.ConnectException: Connection timed out,ERROR
2025-08-01 13:08:35,Slow disk I/O detected on volume temp-vol,WARN
2025-08-01 13:13:50,Service auth-service started successfully,INFO
2025-08-01 13:18:44,Scheduled task index-rebuild completed,INFO
2025-08-01 13:23:35,Cache refreshed for 9117 entries,INFO
2025-08-01 13:27:22,"Database query took 1127ms, consider optimization",WARN
2025-08-01 13:32:14,API request completed in 45ms,INFO
2025-08-01 13:35:47,Successfully processed 206 items in batch job #4545,INFO
2025-08-01 13:45:30,Scheduled task health-check completed,INFO
2025-08-01 13:49:18,Unable to process request: Database timeout,ERROR
2025-08-01 13:51:23,User user_9751 logged in successfully,INFO
2025-08-01 13:56:17,User user_5786 logged in successfully,INFO
2025-08-01 14:05:08,File data_2680.json uploaded successfully,INFO
2025-08-01 14:05:36,File data_8216.json uploaded successfully,INFO
2025-08-01 14:12:11,Fatal error in module ReportGenerator: Failed to initialize,ERROR
2025-08-01 14:15:25,Scheduled task backup completed,INFO
2025-08-01 14:21:09,"Database query took 674ms, consider optimization",WARN
2025-08-01 14:26:07,Cache refreshed for 9866 entries,INFO
2025-08-01 14:34:14,Deprecated method parseConfig called by service data-connector,WARN
2025-08-01 14:37:55,Cache refreshed for 5103 entries,INFO
2025-08-01 14:44:39,Connection established to api,INFO
2025-08-01 14:50:13,Connection established to api,INFO
2025-08-01 14:51:11,Successfully processed 12 items in batch job #7693,INFO
2025-08-01 14:58:44,Service web-server started successfully,INFO
2025-08-01 15:01:18,Slow disk I/O detected on volume data-vol,WARN
2025-08-01 15:10:14,Unhandled exception: IndexOutOfRangeException,ERROR
2025-08-01 15:13:07,Successfully processed 940 items in batch job #5352,INFO
2025-08-01 15:16:04,Service monitoring started successfully,INFO
2025-08-01 15:25:52,Service data-indexer started successfully,INFO
2025-08-01 15:25:29,Cache refreshed for 4560 entries,INFO
2025-08-01 15:34:34,Connection established to queue,INFO
2025-08-01 15:35:56,Database connection pool initialized with 43 connections,INFO
2025-08-01 15:42:01,Scheduled task health-check completed,INFO
2025-08-01 15:45:48,Service monitoring started successfully,INFO
2025-08-01 15:50:48,Slow disk I/O detected on volume app-vol,WARN
2025-08-01 16:00:28,Service auth-provider crashed with exit code 112,ERROR
2025-08-01 16:05:52,Connection established to cache,INFO
2025-08-01 16:07:26,Connection established to api,INFO
2025-08-01 16:12:26,Service data-indexer started successfully,INFO
2025-08-01 16:19:02,Database connection pool initialized with 21 connections,INFO
2025-08-01 16:22:07,Authentication failed for user user_9431,ERROR
2025-08-01 16:25:42,Slow disk I/O detected on volume temp-vol,WARN
2025-08-01 16:30:12,Scheduled task report-generation completed,INFO
2025-08-01 16:40:28,Retrying connection to message-queue (attempt 1 of 3),WARN
2025-08-01 16:42:28,Slow disk I/O detected on volume data-vol,WARN
2025-08-01 16:45:40,API request completed in 95ms,INFO
2025-08-01 16:51:19,User session session_63476 created,INFO
2025-08-01 16:55:14,Exception in thread 'io-handler': java.lang.NullPointerException,ERROR
2025-08-01 17:05:53,Service monitoring started successfully,INFO
2025-08-01 17:10:17,File data_8736.json uploaded successfully,INFO
2025-08-01 17:11:29,Cache refreshed for 3222 entries,INFO
2025-08-01 17:19:32,Service database response time degraded,WARN
2025-08-01 17:22:49,Deprecated method connectToOldAPI called by service frontend,WARN
2025-08-01 17:27:52,Service monitoring started successfully,INFO
2025-08-01 17:34:42,Successfully processed 467 items in batch job #9824,INFO
2025-08-01 17:38:22,User session session_59441 created,INFO
2025-08-01 17:43:59,API request completed in 94ms,INFO
2025-08-01 17:46:36,Cache refreshed for 815 entries,INFO
2025-08-01 17:52:47,Cache refreshed for 6425 entries,INFO
2025-08-01 18:00:50,Service search-index response time degraded,WARN
2025-08-01 18:00:08,Scheduled task index-rebuild completed,INFO
2025-08-01 18:05:55,"Request to recommendation-engine took 433ms, exceeding threshold",WARN
2025-08-01 18:10:46,Successfully processed 86 items in batch job #8692,INFO
2025-08-01 18:17:21,Cache refreshed for 1415 entries,INFO
2025-08-01 18:22:54,User session session_59808 created,INFO
2025-08-01 18:27:40,Slow disk I/O detected on volume app-vol,WARN
2025-08-01 18:30:39,Service auth-service started successfully,INFO
2025-08-01 18:40:05,Connection established to database,INFO
2025-08-01 18:43:10,User user_1753 logged in successfully,INFO
2025-08-01 18:47:50,Database connection pool initialized with 28 connections,INFO
2025-08-01 18:53:09,Cache refreshed for 9372 entries,INFO
2025-08-01 19:00:50,Successfully processed 90 items in batch job #7267,INFO
2025-08-01 19:04:43,Scheduled task cleanup completed,INFO
2025-08-01 19:06:29,File data_5183.json uploaded successfully,INFO
2025-08-01 19:15:00,Slow disk I/O detected on volume backup-vol,WARN
2025-08-01 19:20:34,File data_6661.json uploaded successfully,INFO
2025-08-01 19:24:19,Cache refreshed for 4197 entries,INFO
2025-08-01 19:28:54,Cache refreshed for 8016 entries,INFO
2025-08-01 19:30:15,Database connection pool initialized with 41 connections,INFO
2025-08-01 19:37:44,Cache refreshed for 4597 entries,INFO
2025-08-01 19:40:36,High memory usage detected: 95%,WARN
2025-08-01 19:47:49,Cache hit ratio below threshold: 55%,WARN
2025-08-01 19:52:14,Scheduled task index-rebuild completed,INFO
2025-08-01 20:00:48,Service database response time degraded,WARN
2025-08-01 20:05:41,File data_1546.json uploaded successfully,INFO
2025-08-01 20:09:23,"Request to data-service took 367ms, exceeding threshold",WARN
2025-08-01 20:15:26,Successfully processed 815 items in batch job #9837,INFO
2025-08-01 20:17:33,Service auth-service started successfully,INFO
2025-08-01 20:22:58,Slow disk I/O detected on volume backup-vol,WARN
2025-08-01 20:30:55,Connection established to cache,INFO
2025-08-01 20:30:09,Retrying connection to api-gateway (attempt 2 of 3),WARN
2025-08-01 20:35:50,Service monitoring started successfully,INFO
2025-08-01 20:40:29,Service monitoring started successfully,INFO
2025-08-01 20:48:52,Database connection pool initialized with 11 connections,INFO
2025-08-01 20:55:14,Scheduled task health-check completed,INFO
2025-08-01 20:57:58,Connection established to cache,INFO
2025-08-01 21:05:19,Connection established to api,INFO
2025-08-01 21:05:02,File data_2902.json uploaded successfully,INFO
2025-08-01 21:10:15,Service search-index response time degraded,WARN
2025-08-01 21:18:23,User session session_64935 created,INFO
2025-08-01 21:24:47,Deprecated method getUserByID called by service data-connector,WARN
2025-08-01 21:29:26,Fatal error in module PaymentProcessor: Dependency unavailable,ERROR
2025-08-01 21:31:28,API request completed in 51ms,INFO
2025-08-01 21:35:43,Database connection pool initialized with 8 connections,INFO
2025-08-01 21:43:17,Connection established to cache,INFO
2025-08-01 21:45:42,Scheduled task backup completed,INFO
2025-08-01 21:50:50,Successfully processed 815 items in batch job #4362,INFO
2025-08-01 21:55:53,Retrying connection to storage-service (attempt 1 of 3),WARN
2025-08-01 22:01:21,Cache hit ratio below threshold: 30%,WARN
2025-08-01 22:07:54,Service auth-provider crashed with exit code 65,ERROR
2025-08-01 22:11:07,User user_3159 logged in successfully,INFO
2025-08-01 22:15:22,Retrying connection to storage-service (attempt 2 of 3),WARN
2025-08-01 22:20:11,Successfully processed 769 items in batch job #7897,INFO
2025-08-01 22:29:07,Slow disk I/O detected on volume temp-vol,WARN
2025-08-01 22:32:32,File data_9254.json uploaded successfully,INFO
2025-08-01 22:36:39,User session session_49535 created,INFO
2025-08-01 22:43:41,Failed to connect to database after 4 retries,ERROR
2025-08-01 22:48:27,File data_8267.json uploaded successfully,INFO
2025-08-01 22:50:57,Scheduled task cleanup completed,INFO
2025-08-01 22:55:08,Scheduled task health-check completed,INFO
2025-08-01 23:05:20,Scheduled task health-check completed,INFO
2025-08-01 23:07:29,Cache refreshed for 1724 entries,INFO
2025-08-01 23:15:07,"Config cache using default values, no custom config found",WARN
2025-08-01 23:18:28,Deprecated method connectToOldAPI called by service data-connector,WARN
2025-08-01 23:23:26,API rate limit approaching: 93 requests of 100 limit,WARN
2025-08-01 23:27:42,Successfully processed 713 items in batch job #8770,INFO
2025-08-01 23:30:05,"Request to user-profile took 249ms, exceeding threshold",WARN
2025-08-01 23:40:47,Successfully processed 579 items in batch job #1982,INFO
2025-08-01 23:44:35,Connection established to cache,INFO
2025-08-01 23:47:55,Cache refreshed for 942 entries,INFO
2025-08-01 23:52:38,Connection established to queue,INFO
2025-08-01 23:59:13,File data_4674.json uploaded successfully,INFO
2025-08-02 00:00:22,API rate limit approaching: 83 requests of 100 limit,WARN
2025-08-02 00:07:36,Cache refreshed for 9290 entries,INFO
2025-08-02 00:14:39,User session session_13441 created,INFO
2025-08-02 00:19:59,Service web-server started successfully,INFO
2025-08-02 00:21:17,"Database query took 1195ms, consider optimization",WARN
2025-08-02 00:27:00,Successfully processed 589 items in batch job #7566,INFO
2025-08-02 00:30:09,High memory usage detected: 82%,WARN
2025-08-02 00:40:33,Cache refreshed for 7532 entries,INFO
2025-08-02 00:42:10,Database connection pool initialized with 41 connections,INFO
2025-08-02 00:49:05,Service auth-service response time degraded,WARN
2025-08-02 00:54:03,Service data-indexer started successfully,INFO
2025-08-02 01:00:27,File data_7785.json uploaded successfully,INFO
2025-08-02 01:02:13,"Request to data-service took 420ms, exceeding threshold",WARN
2025-08-02 01:05:18,Scheduled task report-generation completed,INFO
2025-08-02 01:14:42,API request completed in 55ms,INFO
2025-08-02 01:19:03,Service auth-service started successfully,INFO
2025-08-02 01:21:48,Database connection pool initialized with 12 connections,INFO
2025-08-02 01:25:31,Service auth-service response time degraded,WARN
2025-08-02 01:33:34,"Config network using default values, no custom config found",WARN
2025-08-02 01:40:51,Cache refreshed for 793 entries,INFO
2025-08-02 01:43:01,Connection established to auth-service,INFO
2025-08-02 01:49:27,Cache refreshed for 4843 entries,INFO
2025-08-02 01:50:25,Database connection pool initialized with 15 connections,INFO
2025-08-02 01:59:29,API rate limit approaching: 82 requests of 100 limit,WARN
2025-08-02 02:03:54,Cache refreshed for 9748 entries,INFO
2025-08-02 02:08:33,Service payment-processor started successfully,INFO
2025-08-02 02:11:21,"Request to recommendation-engine took 258ms, exceeding threshold",WARN
2025-08-02 02:19:32,Database connection pool initialized with 27 connections,INFO
2025-08-02 02:25:52,Successfully processed 251 items in batch job #2684,INFO
2025-08-02 02:26:16,Scheduled task cleanup completed,INFO
2025-08-02 02:35:04,File data_8601.json uploaded successfully,INFO
2025-08-02 02:39:48,Scheduled task health-check completed,INFO
2025-08-02 02:42:55,Connection timeout after 7946ms,ERROR
2025-08-02 02:48:04,Service payment-processor started successfully,INFO
2025-08-02 02:54:03,Connection established to auth-service,INFO
2025-08-02 02:58:28,Database connection pool initialized with 23 connections,INFO
2025-08-02 03:00:41,"Request to recommendation-engine took 459ms, exceeding threshold",WARN
2025-08-02 03:08:29,User user_8368 logged in successfully,INFO
2025-08-02 03:14:41,Scheduled task report-generation completed,INFO
2025-08-02 03:19:09,Out of memory error in service search-indexer,ERROR
2025-08-02 03:22:45,Successfully processed 50 items in batch job #5059,INFO
2025-08-02 03:30:28,Data corruption detected in file data_9564.db,ERROR
2025-08-02 03:34:10,Service data-indexer started successfully,INFO
2025-08-02 03:38:49,Scheduled task backup completed,INFO
2025-08-02 03:45:41,Database connection pool initialized with 11 connections,INFO
2025-08-02 03:49:43,Service monitoring started successfully,INFO
2025-08-02 03:51:21,Successfully processed 948 items in batch job #6731,INFO
2025-08-02 03:57:41,Cache refreshed for 2212 entries,INFO
2025-08-02 04:04:45,Fatal error in module APIClient: Runtime exception,ERROR
2025-08-02 04:10:50,Successfully processed 696 items in batch job #9624,INFO
2025-08-02 04:10:41,User session session_57425 created,INFO
2025-08-02 04:15:23,API request completed in 48ms,INFO
2025-08-02 04:23:12,Successfully processed 168 items in batch job #2264,INFO
2025-08-02 04:27:54,"Config network using default values, no custom config found",WARN
2025-08-02 04:35:56,Database connection pool initialized with 44 connections,INFO
2025-08-02 04:36:38,Successfully processed 195 items in batch job #3712,INFO
2025-08-02 04:45:28,Database connection pool initialized with 48 connections,INFO
2025-08-02 04:50:15,Unhandled exception: KeyNotFoundException,ERROR
2025-08-02 04:55:50,User session session_41348 created,INFO
2025-08-02 04:57:51,Retrying connection to message-queue (attempt 2 of 3),WARN
2025-08-02 05:03:49,Cache refreshed for 8339 entries,INFO
2025-08-02 05:09:26,Unable to process request: Unauthorized access attempt,ERROR
2025-08-02 05:11:55,File data_7081.json uploaded successfully,INFO
2025-08-02 05:19:59,User session session_26341 created,INFO
2025-08-02 05:22:05,"Database query took 1420ms, consider optimization",WARN
2025-08-02 05:29:09,"Request to payment-gateway took 430ms, exceeding threshold",WARN
2025-08-02 05:32:59,User user_7495 logged in successfully,INFO
2025-08-02 05:39:23,Connection established to auth-service,INFO
2025-08-02 05:41:01,Connection established to auth-service,INFO
2025-08-02 05:46:08,File data_3273.json uploaded successfully,INFO
2025-08-02 05:55:30,User user_2298 logged in successfully,INFO
2025-08-02 05:55:16,Successfully processed 571 items in batch job #9647,INFO
2025-08-02 06:03:07,Retrying connection to message-queue (attempt 1 of 3),WARN
2025-08-02 06:05:15,Scheduled task report-generation completed,INFO
2025-08-02 06:10:07,Slow disk I/O detected on volume app-vol,WARN
2025-08-02 06:19:01,Scheduled task cleanup completed,INFO
2025-08-02 06:25:09,User user_6780 logged in successfully,INFO
2025-08-02 06:26:36,Connection established to queue,INFO
2025-08-02 06:32:04,Data corruption detected in file data_9312.db,ERROR
2025-08-02 06:39:35,File data_1713.json uploaded successfully,INFO
2025-08-02 06:45:24,Fatal error in module PaymentProcessor: Dependency unavailable,ERROR
2025-08-02 06:45:22,Connection established to queue,INFO
2025-08-02 06:55:48,User user_6772 logged in successfully,INFO
2025-08-02 06:59:21,Service search-index response time degraded,WARN
2025-08-02 07:05:30,Successfully processed 74 items in batch job #8498,INFO
2025-08-02 07:05:18,API request completed in 10ms,INFO
2025-08-02 07:12:59,Cache refreshed for 8997 entries,INFO
2025-08-02 07:18:16,API request completed in 41ms,INFO
2025-08-02 07:22:55,API rate limit approaching: 88 requests of 100 limit,WARN
2025-08-02 07:25:51,Cache refreshed for 7304 entries,INFO
2025-08-02 07:33:21,Out of memory error in service data-aggregator,ERROR
2025-08-02 07:37:59,"Database query took 669ms, consider optimization",WARN
2025-08-02 07:45:27,Scheduled task cleanup completed,INFO
2025-08-02 07:49:18,Connection established to auth-service,INFO
2025-08-02 07:55:18,Scheduled task report-generation completed,INFO
2025-08-02 07:56:44,File data_1693.json uploaded successfully,INFO
2025-08-02 08:05:55,Unhandled exception: ObjectDisposedException,ERROR
2025-08-02 08:07:40,Failed to connect to database after 3 retries,ERROR
2025-08-02 08:15:40,User session session_99051 created,INFO
2025-08-02 08:16:01,Scheduled task report-generation completed,INFO
2025-08-02 08:20:08,Database connection pool initialized with 28 connections,INFO
2025-08-02 08:28:36,Successfully processed 705 items in batch job #8371,INFO
2025-08-02 08:32:23,Connection established to queue,INFO
2025-08-02 08:36:33,Database connection pool initialized with 46 connections,INFO
2025-08-02 08:42:15,Failed to connect to database after 5 retries,ERROR
2025-08-02 08:46:31,User session session_25435 created,INFO
2025-08-02 08:52:49,File data_4515.json uploaded successfully,INFO
2025-08-02 08:59:18,File data_4279.json uploaded successfully,INFO
2025-08-02 09:00:08,Slow disk I/O detected on volume log-vol,WARN
2025-08-02 09:10:28,Connection timeout after 24883ms,ERROR
2025-08-02 09:12:45,User session session_48058 created,INFO
2025-08-02 09:17:54,Successfully processed 822 items in batch job #6922,INFO
2025-08-02 09:24:14,API request completed in 22ms,INFO
2025-08-02 09:26:50,Database connection pool initialized with 40 connections,INFO
2025-08-02 09:34:23,User session session_27009 created,INFO
2025-08-02 09:39:56,Service data-indexer started successfully,INFO
2025-08-02 09:45:46,Cache refreshed for 6808 entries,INFO
2025-08-02 09:49:04,Database connection pool initialized with 46 connections,INFO
2025-08-02 09:50:28,User session session_55156 created,INFO
2025-08-02 09:56:56,"Config network using default values, no custom config found",WARN
2025-08-02 10:01:49,Authentication failed for user user_9238,ERROR
2025-08-02 10:05:53,Successfully processed 321 items in batch job #3697,INFO
2025-08-02 10:11:20,Unable to process request: Database timeout,ERROR
2025-08-02 10:19:57,Connection established to auth-service,INFO
2025-08-02 10:21:40,Fatal error in module UserAuthentication: Dependency unavailable,ERROR
2025-08-02 10:29:34,Successfully processed 616 items in batch job #3526,INFO
2025-08-02 10:31:42,Scheduled task index-rebuild completed,INFO
2025-08-02 10:39:02,High memory usage detected: 82%,WARN
2025-08-02 10:40:41,"Database query took 1833ms, consider optimization",WARN
2025-08-02 10:46:49,Scheduled task backup completed,INFO
2025-08-02 10:53:56,Service payment-processor started successfully,INFO
2025-08-02 10:58:15,Deprecated method connectToOldAPI called by service data-connector,WARN
2025-08-02 11:00:44,File data_7809.json uploaded successfully,INFO
2025-08-02 11:08:29,Scheduled task cleanup completed,INFO
2025-08-02 11:12:55,API rate limit approaching: 92 requests of 100 limit,WARN
2025-08-02 11:16:48,User session session_23917 created,INFO
2025-08-02 11:22:15,Service data-indexer started successfully,INFO
2025-08-02 11:26:09,Service data-indexer started successfully,INFO
2025-08-02 11:34:26,Successfully processed 843 items in batch job #6364,INFO
2025-08-02 11:39:46,Successfully processed 520 items in batch job #9433,INFO
2025-08-02 11:43:31,Slow disk I/O detected on volume data-vol,WARN
2025-08-02 11:45:25,API request completed in 32ms,INFO
2025-08-02 11:54:22,Service data-indexer started successfully,INFO
2025-08-02 11:59:56,Slow disk I/O detected on volume backup-vol,WARN
2025-08-02 12:04:00,Deprecated method processLegacyFormat called by service admin-panel,WARN
2025-08-02 12:10:23,API rate limit approaching: 81 requests of 100 limit,WARN
2025-08-02 12:13:03,API request completed in 51ms,INFO
2025-08-02 12:19:18,User session session_69028 created,INFO
2025-08-02 12:24:17,Cache hit ratio below threshold: 51%,WARN
2025-08-02 12:29:07,Connection established to cache,INFO
2025-08-02 12:32:50,Data corruption detected in file data_6990.db,ERROR
2025-08-02 12:36:12,Cache refreshed for 8293 entries,INFO
2025-08-02 12:40:02,Database connection pool initialized with 35 connections,INFO
2025-08-02 12:49:29,User session session_28321 created,INFO
2025-08-02 12:52:59,Successfully processed 412 items in batch job #5902,INFO
2025-08-02 12:59:21,User session session_79774 created,INFO
2025-08-02 13:03:45,File data_1272.json uploaded successfully,INFO
2025-08-02 13:07:21,Cache refreshed for 9663 entries,INFO
2025-08-02 13:12:50,High memory usage detected: 95%,WARN
2025-08-02 13:17:41,Cache hit ratio below threshold: 48%,WARN
2025-08-02 13:21:46,File data_3793.json uploaded successfully,INFO
2025-08-02 13:29:40,Deprecated method processLegacyFormat called by service payment-processor,WARN
2025-08-02 13:30:36,Exception in thread 'worker': java.lang.NullPointerException,ERROR
2025-08-02 13:38:20,Cache refreshed for 3440 entries,INFO
2025-08-02 13:43:32,Slow disk I/O detected on volume data-vol,WARN
2025-08-02 13:50:08,User session session_52604 created,INFO
2025-08-02 13:55:30,Database connection pool initialized with 16 connections,INFO
2025-08-02 13:58:58,User session session_56437 created,INFO
2025-08-02 14:05:49,"Database query took 1749ms, consider optimization",WARN
2025-08-02 14:08:12,Fatal error in module APIClient: Dependency unavailable,ERROR
2025-08-02 14:11:19,Retrying connection to api-gateway (attempt 2 of 3),WARN
2025-08-02 14:18:22,Service payment-processor started successfully,INFO
2025-08-02 14:20:36,Cache refreshed for 6564 entries,INFO
2025-08-02 14:27:49,"Database query took 586ms, consider optimization",WARN
2025-08-02 14:32:45,File data_5201.json uploaded successfully,INFO
2025-08-02 14:40:30,User session session_45537 created,INFO
2025-08-02 14:44:44,Connection established to queue,INFO
2025-08-02 14:50:37,User user_9700 logged in successfully,INFO
2025-08-02 14:51:40,Connection established to cache,INFO
2025-08-02 14:57:45,Successfully processed 15 items in batch job #3587,INFO
2025-08-02 15:03:41,Out of memory error in service data-aggregator,ERROR
2025-08-02 15:10:12,"Database query took 1157ms, consider optimization",WARN
2025-08-02 15:12:41,Connection established to queue,INFO
2025-08-02 15:16:34,High memory usage detected: 85%,WARN
2025-08-02 15:23:56,High memory usage detected: 92%,WARN
2025-08-02 15:28:11,Fatal error in module PaymentProcessor: Failed to initialize,ERROR
2025-08-02 15:32:36,Database connection pool initialized with 23 connections,INFO
2025-08-02 15:38:41,File data_3198.json uploaded successfully,INFO
2025-08-02 15:44:29,Connection established to auth-service,INFO
2025-08-02 15:46:46,Service auth-service started successfully,INFO
2025-08-02 15:50:47,Service monitoring started successfully,INFO
2025-08-02 16:00:48,Scheduled task report-generation completed,INFO
2025-08-02 16:03:32,Cache refreshed for 1662 entries,INFO
2025-08-02 16:06:08,API request completed in 5ms,INFO
2025-08-02 16:12:24,Service payment-processor started successfully,INFO
2025-08-02 16:17:37,High memory usage detected: 88%,WARN
2025-08-02 16:25:23,User user_2936 logged in successfully,INFO
2025-08-02 16:28:19,User session session_50760 created,INFO
2025-08-02 16:35:07,Service payment-processor started successfully,INFO
2025-08-02 16:39:14,Successfully processed 499 items in batch job #3509,INFO
2025-08-02 16:43:47,Connection timeout after 16626ms,ERROR
2025-08-02 16:50:35,Data corruption detected in file data_4578.db,ERROR
2025-08-02 16:51:43,"Request to recommendation-engine took 428ms, exceeding threshold",WARN
2025-08-02 16:59:45,Scheduled task backup completed,INFO
2025-08-02 17:00:53,User session session_36497 created,INFO
2025-08-02 17:09:34,Database connection pool initialized with 38 connections,INFO
2025-08-02 17:13:07,Scheduled task report-generation completed,INFO
2025-08-02 17:15:57,User user_8429 logged in successfully,INFO
2025-08-02 17:21:32,Scheduled task backup completed,INFO
2025-08-02 17:29:29,Service web-server started successfully,INFO
2025-08-02 17:33:16,Retrying connection to storage-service (attempt 1 of 3),WARN
2025-08-02 17:35:27,Connection established to queue,INFO
2025-08-02 17:40:59,Slow disk I/O detected on volume data-vol,WARN
2025-08-02 17:47:26,Successfully processed 794 items in batch job #7887,INFO
2025-08-02 17:52:57,Cache refreshed for 6254 entries,INFO
2025-08-02 17:55:43,Data corruption detected in file data_3178.db,ERROR
2025-08-02 18:05:55,Successfully processed 560 items in batch job #7439,INFO
2025-08-02 18:09:08,Retrying connection to db-primary (attempt 1 of 3),WARN
2025-08-02 18:12:29,User session session_65591 created,INFO
2025-08-02 18:19:24,Retrying connection to api-gateway (attempt 2 of 3),WARN
2025-08-02 18:21:17,Connection established to database,INFO
2025-08-02 18:30:26,User user_4943 logged in successfully,INFO
2025-08-02 18:31:04,User user_8314 logged in successfully,INFO
2025-08-02 18:39:43,High memory usage detected: 87%,WARN
2025-08-02 18:45:02,API request completed in 74ms,INFO
2025-08-02 18:46:48,High memory usage detected: 84%,WARN
2025-08-02 18:54:18,Scheduled task index-rebuild completed,INFO
2025-08-02 18:59:38,API rate limit approaching: 87 requests of 100 limit,WARN
2025-08-02 19:02:56,User session session_38972 created,INFO
2025-08-02 19:08:19,User session session_87550 created,INFO
2025-08-02 19:15:58,Cache refreshed for 9207 entries,INFO
2025-08-02 19:18:03,Authentication failed for user user_9592,ERROR
2025-08-02 19:22:44,Successfully processed 317 items in batch job #7167,INFO
2025-08-02 19:26:48,API request completed in 33ms,INFO
2025-08-02 19:32:54,Slow disk I/O detected on volume data-vol,WARN
2025-08-02 19:39:26,Data corruption detected in file data_9683.db,ERROR
2025-08-02 19:41:24,API request completed in 47ms,INFO
2025-08-02 19:50:05,Connection timeout after 6029ms,ERROR
2025-08-02 19:54:46,High memory usage detected: 88%,WARN
2025-08-02 19:58:43,User user_2192 logged in successfully,INFO
2025-08-02 20:01:51,"Config cache using default values, no custom config found",WARN
2025-08-02 20:08:13,API rate limit approaching: 89 requests of 100 limit,WARN
2025-08-02 20:10:13,Exception in thread 'io-handler': java.sql.SQLException: Connection refused,ERROR
2025-08-02 20:20:38,Deprecated method processLegacyFormat called by service frontend,WARN
2025-08-02 20:22:49,File data_9743.json uploaded successfully,INFO
2025-08-02 20:30:22,Database connection pool initialized with 37 connections,INFO
2025-08-02 20:33:29,File data_6246.json uploaded successfully,INFO
2025-08-02 20:36:23,User user_4625 logged in successfully,INFO
2025-08-02 20:45:09,User session session_86550 created,INFO
2025-08-02 20:49:46,Successfully processed 210 items in batch job #6404,INFO
2025-08-02 20:51:24,API request completed in 68ms,INFO
2025-08-02 20:59:41,Connection timeout after 11432ms,ERROR
2025-08-02 21:03:46,File data_8550.json uploaded successfully,INFO
2025-08-02 21:06:46,Service auth-service response time degraded,WARN
2025-08-02 21:15:34,User session session_94123 created,INFO
2025-08-02 21:15:33,Connection established to database,INFO
2025-08-02 21:20:26,API request completed in 13ms,INFO
2025-08-02 21:30:09,User session session_69770 created,INFO
2025-08-02 21:32:03,Scheduled task report-generation completed,INFO
2025-08-02 21:40:31,User session session_82305 created,INFO
2025-08-02 21:43:00,Service monitoring started successfully,INFO
2025-08-02 21:47:01,Cache refreshed for 3037 entries,INFO
2025-08-02 21:50:58,Successfully processed 256 items in batch job #4144,INFO
2025-08-02 21:59:33,Database connection pool initialized with 22 connections,INFO
2025-08-02 22:03:05,Cache refreshed for 7620 entries,INFO
2025-08-02 22:09:15,Unable to process request: Database timeout,ERROR
2025-08-02 22:15:52,High memory usage detected: 82%,WARN
2025-08-02 22:18:24,File data_1919.json uploaded successfully,INFO
2025-08-02 22:25:00,"Request to user-profile took 422ms, exceeding threshold",WARN
2025-08-02 22:30:50,Connection established to queue,INFO
2025-08-02 22:30:14,Scheduled task report-generation completed,INFO
2025-08-02 22:37:02,Fatal error in module APIClient: Invalid state detected,ERROR
2025-08-02 22:45:02,Database connection pool initialized with 6 connections,INFO
2025-08-02 22:46:37,Cache refreshed for 1360 entries,INFO
2025-08-02 22:52:10,Scheduled task report-generation completed,INFO
2025-08-02 23:00:57,Cache refreshed for 2392 entries,INFO
2025-08-02 23:05:46,Database connection pool initialized with 8 connections,INFO
2025-08-02 23:05:27,Connection established to auth-service,INFO
2025-08-02 23:14:49,Scheduled task report-generation completed,INFO
2025-08-02 23:17:01,File data_9038.json uploaded successfully,INFO
2025-08-02 23:21:22,Cache refreshed for 7175 entries,INFO
2025-08-02 23:26:43,Cache refreshed for 1504 entries,INFO
2025-08-02 23:34:18,"Request to auth-api took 337ms, exceeding threshold",WARN
2025-08-02 23:36:24,Service search-index response time degraded,WARN
2025-08-02 23:42:23,User user_6050 logged in successfully,INFO
2025-08-02 23:48:23,"Request to payment-gateway took 244ms, exceeding threshold",WARN
2025-08-02 23:51:27,User session session_77166 created,INFO
2025-08-02 23:58:06,Database connection pool initialized with 40 connections,INFO
2025-08-03 00:00:38,Database connection pool initialized with 29 connections,INFO
2025-08-03 00:05:18,Connection established to queue,INFO
2025-08-03 00:11:36,Cache refreshed for 2877 entries,INFO
2025-08-03 00:16:17,File data_3390.json uploaded successfully,INFO
2025-08-03 00:20:10,Cache refreshed for 5011 entries,INFO
2025-08-03 00:28:50,Service auth-service started successfully,INFO
2025-08-03 00:35:40,Scheduled task cleanup completed,INFO
2025-08-03 00:38:06,User user_7483 logged in successfully,INFO
2025-08-03 00:42:53,Database connection pool initialized with 33 connections,INFO
2025-08-03 00:47:27,Cache hit ratio below threshold: 34%,WARN
2025-08-03 00:52:20,API request completed in 66ms,INFO
2025-08-03 00:57:11,Connection timeout after 12550ms,ERROR
2025-08-03 01:05:44,Scheduled task cleanup completed,INFO
2025-08-03 01:07:24,Cache refreshed for 6080 entries,INFO
2025-08-03 01:10:59,Scheduled task health-check completed,INFO
2025-08-03 01:16:43,High memory usage detected: 94%,WARN
2025-08-03 01:25:13,Service web-server started successfully,INFO
2025-08-03 01:28:43,Service auth-service started successfully,INFO
2025-08-03 01:32:42,Cache refreshed for 6276 entries,INFO
2025-08-03 01:35:28,Out of memory error in service image-processor,ERROR
2025-08-03 01:43:34,Cache refreshed for 9007 entries,INFO
2025-08-03 01:45:50,Data corruption detected in file data_2392.db,ERROR
2025-08-03 01:50:49,Database connection pool initialized with 15 connections,INFO
2025-08-03 02:00:39,Cache refreshed for 5532 entries,INFO
2025-08-03 02:03:06,Service auth-service started successfully,INFO
2025-08-03 02:09:47,Scheduled task health-check completed,INFO
2025-08-03 02:11:28,File data_9199.json uploaded successfully,INFO
2025-08-03 02:16:22,Out of memory error in service search-indexer,ERROR
2025-08-03 02:22:26,Exception in thread 'main': java.sql.SQLException: Connection refused,ERROR
2025-08-03 02:27:19,API request completed in 71ms,INFO
2025-08-03 02:33:22,File data_8412.json uploaded successfully,INFO
2025-08-03 02:37:04,Connection established to database,INFO
2025-08-03 02:42:41,Successfully processed 962 items in batch job #4996,INFO
2025-08-03 02:49:11,Database connection pool initialized with 40 connections,INFO
2025-08-03 02:53:29,Cache refreshed for 3122 entries,INFO
2025-08-03 02:56:40,Cache refreshed for 578 entries,INFO
2025-08-03 03:05:39,Slow disk I/O detected on volume app-vol,WARN
2025-08-03 03:08:24,API request completed in 31ms,INFO
2025-08-03 03:12:48,"Request to recommendation-engine took 252ms, exceeding threshold",WARN
2025-08-03 03:19:11,API request completed in 63ms,INFO
2025-08-03 03:20:16,File data_9646.json uploaded successfully,INFO
2025-08-03 03:30:20,Scheduled task report-generation completed,INFO
2025-08-03 03:34:07,File data_3826.json uploaded successfully,INFO
2025-08-03 03:40:45,Cache hit ratio below threshold: 48%,WARN
2025-08-03 03:40:43,Connection established to api,INFO
2025-08-03 03:47:07,Successfully processed 533 items in batch job #7364,INFO
2025-08-03 03:53:38,Cache refreshed for 7031 entries,INFO
2025-08-03 03:56:31,Successfully processed 578 items in batch job #3733,INFO
2025-08-03 04:03:18,Database connection pool initialized with 33 connections,INFO
2025-08-03 04:09:03,High memory usage detected: 95%,WARN
2025-08-03 04:11:12,"Config network using default values, no custom config found",WARN
2025-08-03 04:20:31,File data_7809.json uploaded successfully,INFO
2025-08-03 04:25:53,Successfully processed 94 items in batch job #1505,INFO
2025-08-03 04:26:18,API request completed in 73ms,INFO
2025-08-03 04:32:10,Cache hit ratio below threshold: 53%,WARN
2025-08-03 04:38:35,Scheduled task backup completed,INFO
2025-08-03 04:42:49,Database connection pool initialized with 39 connections,INFO
2025-08-03 04:45:48,"Config cache using default values, no custom config found",WARN
2025-08-03 04:53:06,Retrying connection to message-queue (attempt 1 of 3),WARN
2025-08-03 04:58:16,Connection established to cache,INFO
2025-08-03 05:00:49,Retrying connection to storage-service (attempt 2 of 3),WARN
2025-08-03 05:10:39,Successfully processed 640 items in batch job #3281,INFO
2025-08-03 05:11:52,User user_6747 logged in successfully,INFO
2025-08-03 05:19:17,Successfully processed 341 items in batch job #5794,INFO
2025-08-03 05:22:36,User session session_99037 created,INFO
2025-08-03 05:25:08,Authentication failed for user user_1971,ERROR
2025-08-03 05:32:55,Successfully processed 265 items in batch job #3396,INFO
2025-08-03 05:40:20,Deprecated method parseConfig called by service payment-processor,WARN
2025-08-03 05:44:40,Cache refreshed for 6246 entries,INFO
2025-08-03 05:48:04,Connection established to cache,INFO
2025-08-03 05:54:47,Database connection pool initialized with 34 connections,INFO
2025-08-03 05:58:20,Connection established to cache,INFO
2025-08-03 06:05:42,Connection established to queue,INFO
2025-08-03 06:08:13,Unable to process request: Required fields missing,ERROR
2025-08-03 06:12:20,API rate limit approaching: 84 requests of 100 limit,WARN
2025-08-03 06:19:54,Database connection pool initialized with 48 connections,INFO
2025-08-03 06:20:02,File data_1266.json uploaded successfully,INFO
2025-08-03 06:25:59,Slow disk I/O detected on volume temp-vol,WARN
2025-08-03 06:30:27,Successfully processed 913 items in batch job #5945,INFO
2025-08-03 06:36:55,Fatal error in module PaymentProcessor: Dependency unavailable,ERROR
2025-08-03 06:42:05,Successfully processed 63 items in batch job #7493,INFO
2025-08-03 06:50:19,Retrying connection to api-gateway (attempt 1 of 3),WARN
2025-08-03 06:55:06,File data_2276.json uploaded successfully,INFO
2025-08-03 06:56:37,File data_1152.json uploaded successfully,INFO
2025-08-03 07:00:44,Connection established to cache,INFO
2025-08-03 07:10:08,API request completed in 54ms,INFO
2025-08-03 07:10:46,"Request to data-service took 388ms, exceeding threshold",WARN
2025-08-03 07:17:08,Successfully processed 666 items in batch job #3340,INFO
2025-08-03 07:20:33,Scheduled task cleanup completed,INFO
2025-08-03 07:28:22,Service search-index response time degraded,WARN
2025-08-03 07:34:43,API request completed in 16ms,INFO
2025-08-03 07:35:08,Cache hit ratio below threshold: 53%,WARN
2025-08-03 07:43:22,Connection timeout after 28922ms,ERROR
2025-08-03 07:46:15,Connection established to api,INFO
2025-08-03 07:54:38,Scheduled task index-rebuild completed,INFO
2025-08-03 08:00:01,"Database query took 920ms, consider optimization",WARN
2025-08-03 08:04:38,Cache refreshed for 4942 entries,INFO
2025-08-03 08:10:03,Retrying connection to api-gateway (attempt 2 of 3),WARN
2025-08-03 08:10:15,Scheduled task backup completed,INFO
2025-08-03 08:19:56,Connection timeout after 13370ms,ERROR
2025-08-03 08:21:24,Cache hit ratio below threshold: 43%,WARN
2025-08-03 08:27:34,File data_2195.json uploaded successfully,INFO
2025-08-03 08:30:37,Service auth-service started successfully,INFO
2025-08-03 08:35:59,Cache refreshed for 8400 entries,INFO
2025-08-03 08:42:40,Deprecated method parseConfig called by service data-connector,WARN
2025-08-03 08:45:40,Scheduled task cleanup completed,INFO
2025-08-03 08:52:05,User session session_36633 created,INFO
2025-08-03 08:56:34,Scheduled task backup completed,INFO
2025-08-03 09:02:44,API request completed in 12ms,INFO
2025-08-03 09:06:05,Exception in thread 'io-handler': java.io.FileNotFoundException,ERROR
2025-08-03 09:14:03,Successfully processed 132 items in batch job #1207,INFO
2025-08-03 09:20:08,Service search-index response time degraded,WARN
2025-08-03 09:22:33,Service auth-service started successfully,INFO
2025-08-03 09:27:08,"Database query took 741ms, consider optimization",WARN
2025-08-03 09:30:21,"Database query took 1572ms, consider optimization",WARN
2025-08-03 09:35:16,Cache hit ratio below threshold: 50%,WARN
2025-08-03 09:40:31,Database connection pool initialized with 8 connections,INFO
2025-08-03 09:48:54,Database connection pool initialized with 15 connections,INFO
2025-08-03 09:52:49,Scheduled task backup completed,INFO
2025-08-03 09:56:47,User user_1201 logged in successfully,INFO
2025-08-03 10:01:02,Cache refreshed for 2558 entries,INFO
2025-08-03 10:06:59,Failed to connect to database after 5 retries,ERROR
2025-08-03 10:15:47,API request completed in 46ms,INFO
2025-08-03 10:16:26,Connection timeout after 11888ms,ERROR
2025-08-03 10:20:36,User session session_98254 created,INFO
2025-08-03 10:25:11,User session session_16019 created,INFO
2025-08-03 10:33:04,"Database query took 1136ms, consider optimization",WARN
2025-08-03 10:37:05,User user_7044 logged in successfully,INFO
2025-08-03 10:41:18,Service monitoring started successfully,INFO
2025-08-03 10:46:29,File data_4201.json uploaded successfully,INFO
2025-08-03 10:55:57,API request completed in 24ms,INFO
2025-08-03 10:55:59,API request completed in 74ms,INFO
2025-08-03 11:02:40,High memory usage detected: 90%,WARN
2025-08-03 11:05:48,Service web-server started successfully,INFO
2025-08-03 11:11:33,Authentication failed for user user_9061,ERROR
2025-08-03 11:15:09,"Request to auth-api took 318ms, exceeding threshold",WARN
2025-08-03 11:24:26,API rate limit approaching: 94 requests of 100 limit,WARN
2025-08-03 11:30:05,User session session_27499 created,INFO
2025-08-03 11:35:52,Scheduled task health-check completed,INFO
2025-08-03 11:35:27,Successfully processed 252 items in batch job #5778,INFO
2025-08-03 11:42:54,Cache refreshed for 5445 entries,INFO
2025-08-03 11:47:28,Connection established to api,INFO
2025-08-03 11:51:49,"Request to payment-gateway took 254ms, exceeding threshold",WARN
2025-08-03 11:56:28,Cache refreshed for 2078 entries,INFO
2025-08-03 12:04:22,Unable to process request: Required fields missing,ERROR
2025-08-03 12:07:29,Connection established to database,INFO
2025-08-03 12:11:51,Scheduled task backup completed,INFO
2025-08-03 12:16:53,Service database response time degraded,WARN
2025-08-03 12:25:15,Authentication failed for user user_9412,ERROR
2025-08-03 12:25:43,Successfully processed 41 items in batch job #7625,INFO
2025-08-03 12:33:35,Retrying connection to db-primary (attempt 2 of 3),WARN
2025-08-03 12:35:51,"Request to auth-api took 231ms, exceeding threshold",WARN
2025-08-03 12:41:08,Cache refreshed for 6198 entries,INFO
2025-08-03 12:50:40,Exception in thread 'listener': java.io.FileNotFoundException,ERROR
2025-08-03 12:52:58,High memory usage detected: 82%,WARN
2025-08-03 12:56:57,Successfully processed 104 items in batch job #6432,INFO
2025-08-03 13:00:02,Failed to connect to database after 3 retries,ERROR
2025-08-03 13:09:27,Deprecated method parseConfig called by service user-service,WARN
2025-08-03 13:13:43,Database connection pool initialized with 18 connections,INFO
2025-08-03 13:16:17,Successfully processed 45 items in batch job #5026,INFO
2025-08-03 13:25:18,User session session_72787 created,INFO
2025-08-03 13:25:05,Successfully processed 439 items in batch job #4267,INFO
2025-08-03 13:35:56,Retrying connection to storage-service (attempt 1 of 3),WARN
2025-08-03 13:38:50,Slow disk I/O detected on volume app-vol,WARN
2025-08-03 13:43:22,Data corruption detected in file data_6269.db,ERROR
2025-08-03 13:48:17,Database connection pool initialized with 43 connections,INFO
2025-08-03 13:51:01,"Database query took 619ms, consider optimization",WARN
2025-08-03 13:58:33,Scheduled task cleanup completed,INFO
2025-08-03 14:01:06,API request completed in 39ms,INFO
2025-08-03 14:09:52,High memory usage detected: 87%,WARN
2025-08-03 14:14:54,Authentication failed for user user_6813,ERROR
2025-08-03 14:16:11,Database connection pool initialized with 49 connections,INFO
2025-08-03 14:22:58,Database connection pool initialized with 41 connections,INFO
2025-08-03 14:29:09,API request completed in 68ms,INFO
2025-08-03 14:34:19,User user_2478 logged in successfully,INFO
2025-08-03 14:35:14,User user_9625 logged in successfully,INFO
2025-08-03 14:43:00,Scheduled task cleanup completed,INFO
2025-08-03 14:46:21,API rate limit approaching: 81 requests of 100 limit,WARN
2025-08-03 14:50:09,Successfully processed 802 items in batch job #2817,INFO
2025-08-03 14:59:55,Connection established to auth-service,INFO
2025-08-03 15:05:42,Connection established to auth-service,INFO
2025-08-03 15:07:20,Successfully processed 759 items in batch job #8157,INFO
2025-08-03 15:15:31,Successfully processed 734 items in batch job #6846,INFO
2025-08-03 15:16:42,Successfully processed 397 items in batch job #6026,INFO
2025-08-03 15:25:44,Successfully processed 756 items in batch job #1029,INFO
2025-08-03 15:30:36,Scheduled task backup completed,INFO
2025-08-03 15:31:38,Scheduled task cleanup completed,INFO
2025-08-03 15:40:36,File data_3304.json uploaded successfully,INFO
2025-08-03 15:42:47,Database connection pool initialized with 25 connections,INFO
2025-08-03 15:46:40,"Request to data-service took 428ms, exceeding threshold",WARN
2025-08-03 15:50:16,Connection established to auth-service,INFO
2025-08-03 15:57:50,User user_1788 logged in successfully,INFO
2025-08-03 16:03:28,Service search-index response time degraded,WARN
2025-08-03 16:08:56,User session session_59197 created,INFO
2025-08-03 16:10:53,Scheduled task cleanup completed,INFO
2025-08-03 16:16:28,User user_5831 logged in successfully,INFO
2025-08-03 16:20:20,Connection established to database,INFO
2025-08-03 16:27:10,Service database response time degraded,WARN
2025-08-03 16:34:57,Connection timeout after 22465ms,ERROR
2025-08-03 16:39:57,User user_8066 logged in successfully,INFO
2025-08-03 16:45:10,Cache refreshed for 2673 entries,INFO
2025-08-03 16:45:06,API request completed in 57ms,INFO
2025-08-03 16:55:35,"Config logging using default values, no custom config found",WARN
2025-08-03 17:00:18,Connection established to database,INFO
2025-08-03 17:03:36,File data_3516.json uploaded successfully,INFO
2025-08-03 17:05:23,Connection established to auth-service,INFO
2025-08-03 17:15:40,API request completed in 17ms,INFO
2025-08-03 17:15:13,Service web-server started successfully,INFO
2025-08-03 17:23:54,Cache refreshed for 7815 entries,INFO
2025-08-03 17:28:57,Connection established to queue,INFO
2025-08-03 17:33:11,Cache refreshed for 6152 entries,INFO
2025-08-03 17:36:28,File data_8619.json uploaded successfully,INFO
2025-08-03 17:42:14,Cache hit ratio below threshold: 31%,WARN
2025-08-03 17:46:48,Connection established to database,INFO
2025-08-03 17:55:22,Deprecated method renderView called by service payment-processor,WARN
2025-08-03 17:59:03,"Config security using default values, no custom config found",WARN
2025-08-03 18:04:43,Slow disk I/O detected on volume app-vol,WARN
2025-08-03 18:06:30,Cache refreshed for 668 entries,INFO
2025-08-03 18:14:36,Unhandled exception: InvalidOperationException,ERROR
2025-08-03 18:16:07,Out of memory error in service batch-processor,ERROR
2025-08-03 18:21:13,Service database response time degraded,WARN
2025-08-03 18:28:05,Authentication failed for user user_4308,ERROR
2025-08-03 18:35:09,"Database query took 1154ms, consider optimization",WARN
2025-08-03 18:40:58,"Request to user-profile took 484ms, exceeding threshold",WARN
2025-08-03 18:43:35,Service monitoring started successfully,INFO
2025-08-03 18:48:58,Cache hit ratio below threshold: 48%,WARN
2025-08-03 18:54:50,Cache refreshed for 2551 entries,INFO
2025-08-03 18:56:36,Connection established to database,INFO
2025-08-03 19:04:49,Service monitoring started successfully,INFO
2025-08-03 19:07:56,Cache refreshed for 8055 entries,INFO
2025-08-03 19:14:38,Successfully processed 292 items in batch job #7602,INFO
2025-08-03 19:16:39,Cache refreshed for 735 entries,INFO
2025-08-03 19:23:56,Retrying connection to db-primary (attempt 2 of 3),WARN
2025-08-03 19:27:57,Database connection pool initialized with 24 connections,INFO
2025-08-03 19:32:17,"Request to payment-gateway took 268ms, exceeding threshold",WARN
2025-08-03 19:37:47,Database connection pool initialized with 22 connections,INFO
2025-08-03 19:45:26,Connection established to api,INFO
2025-08-03 19:48:13,Authentication failed for user user_8937,ERROR
2025-08-03 19:54:55,User user_9442 logged in successfully,INFO
2025-08-03 19:56:04,User session session_62872 created,INFO
2025-08-03 20:01:49,Cache hit ratio below threshold: 30%,WARN
2025-08-03 20:06:12,Retrying connection to db-primary (attempt 1 of 3),WARN
2025-08-03 20:10:29,Database connection pool initialized with 50 connections,INFO
2025-08-03 20:16:17,File data_9275.json uploaded successfully,INFO
2025-08-03 20:23:40,Failed to connect to database after 3 retries,ERROR
2025-08-03 20:27:31,Successfully processed 993 items in batch job #8775,INFO
2025-08-03 20:34:35,Successfully processed 867 items in batch job #5237,INFO
2025-08-03 20:40:53,Service web-server started successfully,INFO
2025-08-03 20:43:03,Scheduled task cleanup completed,INFO
2025-08-03 20:46:41,API request completed in 39ms,INFO
2025-08-03 20:55:26,User user_8767 logged in successfully,INFO
2025-08-03 20:56:41,User user_4666 logged in successfully,INFO
2025-08-03 21:02:38,"Database query took 1959ms, consider optimization",WARN
2025-08-03 21:10:41,Cache refreshed for 5813 entries,INFO
2025-08-03 21:13:16,Service monitoring started successfully,INFO
2025-08-03 21:19:25,User user_9380 logged in successfully,INFO
2025-08-03 21:25:53,"Config network using default values, no custom config found",WARN
2025-08-03 21:29:18,Connection established to cache,INFO
2025-08-03 21:30:21,Connection timeout after 12072ms,ERROR
2025-08-03 21:37:41,"Database query took 885ms, consider optimization",WARN
2025-08-03 21:41:33,High memory usage detected: 92%,WARN
2025-08-03 21:50:20,User user_9148 logged in successfully,INFO
2025-08-03 21:52:16,Authentication failed for user user_7361,ERROR
2025-08-03 22:00:02,Scheduled task cleanup completed,INFO
2025-08-03 22:02:46,"Config security using default values, no custom config found",WARN
2025-08-03 22:10:22,Successfully processed 870 items in batch job #3967,INFO
2025-08-03 22:12:06,Service monitoring started successfully,INFO
2025-08-03 22:16:43,"Request to payment-gateway took 381ms, exceeding threshold",WARN
2025-08-03 22:21:47,Deprecated method connectToOldAPI called by service admin-panel,WARN
2025-08-03 22:27:37,Connection established to cache,INFO
2025-08-03 22:30:55,Scheduled task health-check completed,INFO
2025-08-03 22:35:30,"Config database using default values, no custom config found",WARN
2025-08-03 22:45:24,Cache refreshed for 985 entries,INFO
2025-08-03 22:46:08,Connection timeout after 16408ms,ERROR
2025-08-03 22:54:57,Out of memory error in service batch-processor,ERROR
2025-08-03 22:57:55,"Request to user-profile took 370ms, exceeding threshold",WARN
2025-08-03 23:05:11,User user_1077 logged in successfully,INFO
2025-08-03 23:08:17,Successfully processed 600 items in batch job #3595,INFO
2025-08-03 23:13:50,"Request to payment-gateway took 422ms, exceeding threshold",WARN
2025-08-03 23:20:27,File data_7280.json uploaded successfully,INFO
2025-08-03 23:20:02,Database connection pool initialized with 5 connections,INFO
2025-08-03 23:27:48,Retrying connection to db-primary (attempt 1 of 3),WARN
2025-08-03 23:35:46,Database connection pool initialized with 24 connections,INFO
2025-08-03 23:36:06,Scheduled task index-rebuild completed,INFO
2025-08-03 23:41:04,"Database query took 1095ms, consider optimization",WARN
2025-08-03 23:48:46,User session session_54280 created,INFO
2025-08-03 23:53:56,Successfully processed 360 items in batch job #9031,INFO
2025-08-03 23:57:48,Cache refreshed for 413 entries,INFO
2025-08-04 00:01:14,Service auth-service response time degraded,WARN
2025-08-04 00:10:01,Successfully processed 136 items in batch job #7006,INFO
2025-08-04 00:15:41,Deprecated method connectToOldAPI called by service frontend,WARN
2025-08-04 00:19:03,User user_2771 logged in successfully,INFO
2025-08-04 00:25:53,Connection established to cache,INFO
2025-08-04 00:28:24,Service data-indexer started successfully,INFO
2025-08-04 00:35:09,User user_5933 logged in successfully,INFO
2025-08-04 00:38:42,User session session_45386 created,INFO
2025-08-04 00:44:38,Deprecated method getUserByID called by service frontend,WARN
2025-08-04 00:50:39,Connection established to database,INFO
2025-08-04 00:53:12,Service monitoring started successfully,INFO
2025-08-04 00:56:22,"Database query took 828ms, consider optimization",WARN
2025-08-04 01:00:35,API request completed in 93ms,INFO
2025-08-04 01:08:21,User user_2458 logged in successfully,INFO
2025-08-04 01:10:53,File data_3443.json uploaded successfully,INFO
2025-08-04 01:15:49,Connection established to auth-service,INFO
2025-08-04 01:25:14,Service payment-processor started successfully,INFO
2025-08-04 01:28:03,Successfully processed 905 items in batch job #1646,INFO
2025-08-04 01:32:23,API rate limit approaching: 93 requests of 100 limit,WARN
2025-08-04 01:40:07,User user_1158 logged in successfully,INFO
2025-08-04 01:41:42,Database connection pool initialized with 27 connections,INFO
2025-08-04 01:48:39,Connection established to auth-service,INFO
2025-08-04 01:52:11,Cache refreshed for 7579 entries,INFO
2025-08-04 01:57:53,File data_7909.json uploaded successfully,INFO
2025-08-04 02:05:56,"Request to payment-gateway took 230ms, exceeding threshold",WARN
2025-08-04 02:06:06,Scheduled task report-generation completed,INFO
2025-08-04 02:14:43,Scheduled task report-generation completed,INFO
2025-08-04 02:17:39,Successfully processed 504 items in batch job #8997,INFO
2025-08-04 02:20:56,User user_2037 logged in successfully,INFO
2025-08-04 02:27:41,User session session_85582 created,INFO
2025-08-04 02:35:36,Database connection pool initialized with 38 connections,INFO
2025-08-04 02:39:44,"Request to user-profile took 327ms, exceeding threshold",WARN
2025-08-04 02:43:22,Cache refreshed for 2535 entries,INFO
2025-08-04 02:49:57,Failed to connect to database after 3 retries,ERROR
2025-08-04 02:55:59,File data_9123.json uploaded successfully,INFO
2025-08-04 02:56:04,API rate limit approaching: 87 requests of 100 limit,WARN
2025-08-04 03:02:17,API request completed in 75ms,INFO
2025-08-04 03:10:24,API request completed in 15ms,INFO
2025-08-04 03:13:28,Slow disk I/O detected on volume data-vol,WARN
2025-08-04 03:18:28,File data_1291.json uploaded successfully,INFO
2025-08-04 03:20:25,User session session_81971 created,INFO
2025-08-04 03:25:52,Scheduled task health-check completed,INFO
2025-08-04 03:35:19,"Config cache using default values, no custom config found",WARN
2025-08-04 03:40:42,Database connection pool initialized with 28 connections,INFO
2025-08-04 03:40:52,File data_6439.json uploaded successfully,INFO
2025-08-04 03:49:49,File data_6952.json uploaded successfully,INFO
2025-08-04 03:55:28,API request completed in 5ms,INFO
2025-08-04 03:57:22,"Database query took 1621ms, consider optimization",WARN
2025-08-04 04:04:23,High memory usage detected: 85%,WARN
2025-08-04 04:08:08,Deprecated method getUserByID called by service admin-panel,WARN
2025-08-04 04:14:12,Cache refreshed for 3632 entries,INFO
2025-08-04 04:18:52,API rate limit approaching: 83 requests of 100 limit,WARN
2025-08-04 04:23:02,Unhandled exception: DivideByZeroException,ERROR
2025-08-04 04:28:29,User session session_27647 created,INFO
2025-08-04 04:33:00,User user_8091 logged in successfully,INFO
2025-08-04 04:39:30,Service auth-provider crashed with exit code 45,ERROR
2025-08-04 04:45:52,Cache refreshed for 9939 entries,INFO
2025-08-04 04:49:56,Cache refreshed for 6959 entries,INFO
2025-08-04 04:54:58,API request completed in 40ms,INFO
2025-08-04 04:58:21,Out of memory error in service batch-processor,ERROR
2025-08-04 05:01:26,User session session_49179 created,INFO
2025-08-04 05:10:35,"Config cache using default values, no custom config found",WARN
2025-08-04 05:11:13,Service payment-processor started successfully,INFO
2025-08-04 05:20:08,Service auth-provider crashed with exit code 139,ERROR
2025-08-04 05:25:40,Connection established to auth-service,INFO
2025-08-04 05:29:30,Cache refreshed for 8847 entries,INFO
2025-08-04 05:32:56,High memory usage detected: 83%,WARN
2025-08-04 05:35:24,User user_4275 logged in successfully,INFO
2025-08-04 05:42:48,"Database query took 1899ms, consider optimization",WARN
2025-08-04 05:47:09,"Database query took 917ms, consider optimization",WARN
2025-08-04 05:54:02,File data_2679.json uploaded successfully,INFO
2025-08-04 05:59:55,User session session_39400 created,INFO
2025-08-04 06:05:41,API request completed in 70ms,INFO
2025-08-04 06:10:18,User user_7251 logged in successfully,INFO
2025-08-04 06:13:26,Connection timeout after 21092ms,ERROR
2025-08-04 06:15:00,Retrying connection to storage-service (attempt 2 of 3),WARN
2025-08-04 06:21:58,Database connection pool initialized with 42 connections,INFO
2025-08-04 06:29:47,API request completed in 42ms,INFO
2025-08-04 06:33:11,Exception in thread 'worker': java.sql.SQLException: Connection refused,ERROR
2025-08-04 06:40:32,User user_8020 logged in successfully,INFO
2025-08-04 06:42:35,Successfully processed 608 items in batch job #5178,INFO
2025-08-04 06:45:21,Successfully processed 50 items in batch job #3518,INFO
2025-08-04 06:52:38,Scheduled task index-rebuild completed,INFO
2025-08-04 06:58:50,Database connection pool initialized with 9 connections,INFO
2025-08-04 07:05:20,Successfully processed 543 items in batch job #2117,INFO
2025-08-04 07:09:10,User session session_62876 created,INFO
2025-08-04 07:10:22,API request completed in 89ms,INFO
2025-08-04 07:17:21,API request completed in 84ms,INFO
2025-08-04 07:24:30,Failed to connect to database after 3 retries,ERROR
2025-08-04 07:30:22,Scheduled task health-check completed,INFO
2025-08-04 07:31:02,Database connection pool initialized with 29 connections,INFO
2025-08-04 07:35:24,Service web-server started successfully,INFO
2025-08-04 07:44:52,"Config network using default values, no custom config found",WARN
2025-08-04 07:48:31,API request completed in 46ms,INFO
2025-08-04 07:54:05,Service auth-provider crashed with exit code 137,ERROR
2025-08-04 07:55:40,API request completed in 92ms,INFO
2025-08-04 08:03:53,User session session_67047 created,INFO
2025-08-04 08:10:52,Service api-server crashed with exit code 118,ERROR
2025-08-04 08:15:21,Connection established to database,INFO
2025-08-04 08:16:50,Connection established to queue,INFO
2025-08-04 08:21:58,Cache refreshed for 7491 entries,INFO
2025-08-04 08:30:25,User user_7381 logged in successfully,INFO
2025-08-04 08:35:07,Scheduled task backup completed,INFO
2025-08-04 08:40:37,Connection established to auth-service,INFO
2025-08-04 08:44:06,Service monitoring started successfully,INFO
2025-08-04 08:45:18,Slow disk I/O detected on volume temp-vol,WARN
2025-08-04 08:53:52,File data_3561.json uploaded successfully,INFO
2025-08-04 08:59:14,Cache refreshed for 9041 entries,INFO
2025-08-04 09:02:40,Database connection pool initialized with 5 connections,INFO
2025-08-04 09:09:55,Connection established to database,INFO
2025-08-04 09:10:36,User session session_81765 created,INFO
2025-08-04 09:15:19,Database connection pool initialized with 18 connections,INFO
2025-08-04 09:23:57,User session session_28671 created,INFO
2025-08-04 09:26:11,Service auth-service started successfully,INFO
2025-08-04 09:30:11,Scheduled task backup completed,INFO
2025-08-04 09:39:29,Connection established to auth-service,INFO
2025-08-04 09:45:04,API request completed in 97ms,INFO
2025-08-04 09:49:31,Connection timeout after 7201ms,ERROR
2025-08-04 09:55:41,Service monitoring started successfully,INFO
2025-08-04 09:55:57,File data_8383.json uploaded successfully,INFO
2025-08-04 10:02:39,Scheduled task cleanup completed,INFO
2025-08-04 10:09:36,Database connection pool initialized with 32 connections,INFO
2025-08-04 10:11:00,API request completed in 96ms,INFO
2025-08-04 10:20:41,Database connection pool initialized with 13 connections,INFO
2025-08-04 10:25:46,File data_8583.json uploaded successfully,INFO
2025-08-04 10:28:22,Slow disk I/O detected on volume app-vol,WARN
2025-08-04 10:30:11,Connection established to auth-service,INFO
2025-08-04 10:36:57,Service web-server started successfully,INFO
2025-08-04 10:45:04,"Config database using default values, no custom config found",WARN
2025-08-04 10:49:37,Scheduled task cleanup completed,INFO
2025-08-04 10:50:35,User session session_71879 created,INFO
2025-08-04 11:00:49,Cache refreshed for 3758 entries,INFO
2025-08-04 11:04:46,Service search-index response time degraded,WARN
2025-08-04 11:09:32,Database connection pool initialized with 37 connections,INFO
2025-08-04 11:10:42,Scheduled task cleanup completed,INFO
2025-08-04 11:19:08,Successfully processed 589 items in batch job #3395,INFO
